  Generating VST3/Debug/AP2Chorus.vst3/Contents/Resources/myplugineditor.uidesc
  [SMTG] Copied C:/Users/aravi/OneDrive/Documents/GitHub/chorus/AP2Chorus/resource/myplugineditor.uidesc to C:/Users/aravi/OneDrive/Documents/GitHub/chorus/AP2Chorus/build/VST3/Debug/AP2Chorus.vst3/Contents/Resources/myplugineditor.uidesc
  Generating VST3/Debug/AP2Chorus.vst3/Contents/Resources/Snapshots/67823860B68B59EF867DD6958141E70A_snapshot.png
  [SMTG] Copied C:/Users/aravi/OneDrive/Documents/GitHub/chorus/AP2Chorus/resource/67823860B68B59EF867DD6958141E70A_snapshot.png to C:/Users/aravi/OneDrive/Documents/GitHub/chorus/AP2Chorus/build/VST3/Debug/AP2Chorus.vst3/Contents/Resources/Snapshots/67823860B68B59EF867DD6958141E70A_snapshot.png
  Generating VST3/Debug/AP2Chorus.vst3/Contents/Resources/Snapshots/67823860B68B59EF867DD6958141E70A_snapshot_2.0x.png
  [SMTG] Copied C:/Users/aravi/OneDrive/Documents/GitHub/chorus/AP2Chorus/resource/67823860B68B59EF867DD6958141E70A_snapshot_2.0x.png to C:/Users/aravi/OneDrive/Documents/GitHub/chorus/AP2Chorus/build/VST3/Debug/AP2Chorus.vst3/Contents/Resources/Snapshots/67823860B68B59EF867DD6958141E70A_snapshot_2.0x.png
  Building Custom Rule C:/Users/aravi/OneDrive/Documents/GitHub/chorus/AP2Chorus/CMakeLists.txt
  mypluginprocessor.cpp
  myplugincontroller.cpp
  mypluginentry.cpp
  dllmain.cpp
C:\Users\aravi\OneDrive\Documents\GitHub\chorus\AP2Chorus\source\Buffer.h(29,51): warning C4267: '+=': conversion from 'size_t' to 'int', possible loss of data (compiling source file C:\Users\aravi\OneDrive\Documents\GitHub\chorus\AP2Chorus\source\mypluginprocessor.cpp)
C:\Users\aravi\OneDrive\Documents\GitHub\chorus\AP2Chorus\source\Buffer.h(29,51): warning C4267: '+=': conversion from 'size_t' to 'int', possible loss of data (compiling source file C:\Users\aravi\OneDrive\Documents\GitHub\chorus\AP2Chorus\source\mypluginentry.cpp)
C:\Users\aravi\OneDrive\Documents\GitHub\chorus\AP2Chorus\source\mypluginprocessor.cpp(127,8): warning C4189: 'depth': local variable is initialized but not referenced
C:\Users\aravi\OneDrive\Documents\GitHub\chorus\AP2Chorus\source\mypluginprocessor.cpp(126,8): warning C4189: 'rate': local variable is initialized but not referenced
     Creating library C:/Users/aravi/OneDrive/Documents/GitHub/chorus/AP2Chorus/build/lib/Debug/AP2Chorus.lib and object C:/Users/aravi/OneDrive/Documents/GitHub/chorus/AP2Chorus/build/lib/Debug/AP2Chorus.exp
  AP2Chorus.vcxproj -> C:\Users\aravi\OneDrive\Documents\GitHub\chorus\AP2Chorus\build\VST3\Debug\AP2Chorus.vst3\Contents\x86_64-win\AP2Chorus.vst3
  [SMTG] Copy PlugIn.ico and desktop.ini and change their attributes.		
  [SMTG] Validator started...
  * Loading module...
  
  	C:/Users/aravi/OneDrive/Documents/GitHub/chorus/AP2Chorus/build/VST3/Debug/AP2Chorus.vst3/Contents/x86_64-win/AP2Chorus.vst3
  
  * Scanning classes...
  
    Factory Info:
  	vendor = My Plug-in Company
  	url = https://www.mycompanyname.com
  	email = mailto:info@mycompanyname.com
  
    Class Info 0:
  	name = AP2Chorus
  	category = Audio Module Class
  	subCategories = Fx
  	version = 1.0.0.0
  	sdkVersion = VST 3.7.9
  	cid = 67823860B68B59EF867DD6958141E70A
  
    Class Info 1:
  	name = AP2ChorusController
  	category = Component Controller Class
  	subCategories = 
  	version = 1.0.0.0
  	sdkVersion = VST 3.7.9
  	cid = F74D0DDA7C9E542FB96F51E9482A082B
  
  * Checking snapshots...
  
  Found snapshots for 'AP2Chorus'
   - C:/Users/aravi/OneDrive/Documents/GitHub/chorus/AP2Chorus/build/VST3/Debug/AP2Chorus.vst3/Contents/Resources/Snapshots/67823860B68B59EF867DD6958141E70A_snapshot.png [1x]
   - C:/Users/aravi/OneDrive/Documents/GitHub/chorus/AP2Chorus/build/VST3/Debug/AP2Chorus.vst3/Contents/Resources/Snapshots/67823860B68B59EF867DD6958141E70A_snapshot_2.0x.png [2x]
  
  * Creating tests...
  
  * Running tests...
  
  -------------------------------------------------------------
  TestSuite : AP2Chorus
  -------------------------------------------------------------
  
  -------------------------------------------------------------
  TestSuite : General Tests
  -------------------------------------------------------------
  
  [Scan Editor Classes]
  Info:  ===Scan Editor Classes ====================================
  Info:  This component has an edit controller class
  Info:     Controller CID: {F74D0DDA-7C9E-542F-B96F-51E9482A082B}
  [Succeeded]
  
  [Scan Buses]
  Info:  ===Scan Buses ====================================
  Info:  => Audio Buses: [1 In(s) => 1 Out(s)]
  Info:       In [0]: "Audio In" (Main-Default Active) 
  Info:       Out[0]: "Audio Out" (Main-Default Active) 
  Info:  => Event Buses: [0 In(s) => 0 Out(s)]
  [Succeeded]
  
  [Scan Parameters]
  Info:  ===Scan Parameters ====================================
  Info:  This component exports 2 parameter(s)
  Info:     Parameter 000 (id=102): [title="Rate"] [unit="Hz"] [type = F, default = 0.000000, unit = 0]
  Info:     Parameter 001 (id=103): [title="Depth"] [unit="Amplitude"] [type = F, default = 0.000000, unit = 0]
Info : warning : No bypass parameter found. Is this intended ?
  [Succeeded]
  
  [MIDI Mapping]
  Info:  ===MIDI Mapping ====================================
  Info:  No MIDI Mapping interface supplied!
  [Succeeded]
  
  [MIDI Learn]
  Info:  ===MIDI Learn ====================================
  Info:  No MIDI Learn interface supplied!
  [Succeeded]
  
  [Scan Units]
  Info:  ===Scan Units ====================================
  Info:  This component has no units.
  [Succeeded]
  
  [Scan Programs]
  Info:  ===Scan Programs ====================================
  Info:  This component does not export any programs.
  [Succeeded]
  
  [Terminate/Initialize]
  Info:  ===Terminate/Initialize ====================================
  [Succeeded]
  
  [Check Unit Structure]
  Info:  ===Check Unit Structure ====================================
  Info:  This component does not support IUnitInfo!
  [Succeeded]
  
  [Valid State Transition 32bits]
  Info:  ===Valid State Transition 32bits ====================================
  [Succeeded]
  
  [Valid State Transition 64bits]
  Info:  ===Valid State Transition 64bits ====================================
  Info:  64bit Audio Processing not supported.
  [Succeeded]
  
  [Bus Consistency]
  Info:  ===Bus Consistency ====================================
  [Succeeded]
  
  [Bus Activation]
  Info:  ===Bus Activation ====================================
  Info:     Bus Activation: Input Audio Bus (0) (kMain)
  Info:     Bus Activation: Output Audio Bus (0) (kMain)
  [Succeeded]
  
  [Check Audio Bus Arrangement]
  Info:  ===Check Audio Bus Arrangement ====================================
  Info:     Check Input Audio Bus Arrangement (0)
  Info:     Check Output Audio Bus Arrangement (0)
  [Succeeded]
  
  [SideChain Arrangement]
  Info:  ===SideChain Arrangement ====================================
  [Succeeded]
  
  [Suspend/Resume]
  Info:  ===Suspend/Resume ====================================
  [Succeeded]
  
  [Note Expression]
  Info:  ===Note Expression ====================================
  Info:  No Note Expression interface supplied!
  [Succeeded]
  
  [Keyswitch]
  Info:  ===Keyswitch ====================================
  Info:  No Keyswitch interface supplied!
  [Succeeded]
  
  [ProcessContext Requirements]
  Info:  ===ProcessContext Requirements ====================================
  Info:  ProcessContextRequirements:
  Info:   - None
  [Succeeded]
  
  -------------------------------------------------------------
  TestSuite : Single Precision (32 bit) Tests
  -------------------------------------------------------------
  
  [Process Test]
  [Succeeded]
  
  [Process function running in another thread]
  Info:  ===Process function running in another thread ====================================
  [Succeeded]
  
  [Silence Flags]
  Info:  ===Silence Flags ====================================
  [Succeeded]
  
  [Silence Processing]
  Info:  ===Silence Processing ====================================
  [Succeeded]
  
  [Parameters Flush (no Buffer)]
  Info:  ===Parameters Flush (no Buffer) ====================================
  [Succeeded]
  
  [Parameters Flush 2 (only numChannel==0)]
  Info:  ===Parameters Flush 2 (only numChannel==0) ====================================
  [Succeeded]
  
  [Parameters Flush 2 (no Buffer, no parameter change)]
  Info:  ===Parameters Flush 2 (no Buffer, no parameter change) ====================================
  [Succeeded]
  
  [Variable Block Size]
  Info:  ===Variable Block Size ====================================
  [Succeeded]
  
  [Process Format]
  Info:  ===Process Format ====================================
  Info:  ***Tested Sample Rates***
  Info:        22050 Hz - processed successfully!
  Info:        32000 Hz - processed successfully!
  Info:        44100 Hz - processed successfully!
  Info:        48000 Hz - processed successfully!
  Info:        88200 Hz - processed successfully!
  Info:        96000 Hz - processed successfully!
  Info:       192000 Hz - processed successfully!
  Info:       384000 Hz - processed successfully!
  Info:    1234.5678 Hz - processed successfully!
  Info:    12345.678 Hz - processed successfully!
  Info:    123456.78 Hz - processed successfully!
  Info:    1234567.8 Hz - processed successfully!
  [Succeeded]
  
  [Parameter Bypass persistence]
  Info:  ===Parameter Bypass persistence ====================================
  Info:  This plugin does not have a bypass parameter!!!
  [Succeeded]
  
  [In: Stereo: 2 Channels, Out: Stereo: 2 Channels]
  Info:  ===In: Stereo: 2 Channels, Out: Stereo: 2 Channels ====================================
  [Succeeded]
  
  [In: Mono: 1 Channels, Out: Mono: 1 Channels]
  Info:  ===In: Mono: 1 Channels, Out: Mono: 1 Channels ====================================
  [Succeeded]
  
  [Accuracy: Block, 1 Parameters, Change every100 Samples]
  Info:  ===Accuracy: Block, 1 Parameters, Change every100 Samples ====================================
  [Succeeded]
  
  [Accuracy: Sample, 1 Parameters, Change every100 Samples]
  Info:  ===Accuracy: Sample, 1 Parameters, Change every100 Samples ====================================
  Info:     Not all points have been read via IParameterChanges
  [Succeeded]
  
  -------------------------------------------------------------
  TestSuite : Double Precision (64 bit) Tests
  -------------------------------------------------------------
  
  [Process Test]
  Info:  64bit Audio Processing not supported.
  [Succeeded]
  
  [Process function running in another thread]
  Info:  64bit Audio Processing not supported.
  [Succeeded]
  
  [Silence Flags]
  Info:  64bit Audio Processing not supported.
  [Succeeded]
  
  [Silence Processing]
  Info:  64bit Audio Processing not supported.
  [Succeeded]
  
  [Parameters Flush (no Buffer)]
  Info:  64bit Audio Processing not supported.
  [Succeeded]
  
  [Parameters Flush 2 (only numChannel==0)]
  Info:  64bit Audio Processing not supported.
  [Succeeded]
  
  [Parameters Flush 2 (no Buffer, no parameter change)]
  Info:  64bit Audio Processing not supported.
  [Succeeded]
  
  [Variable Block Size]
  Info:  64bit Audio Processing not supported.
  [Succeeded]
  
  [Process Format]
  Info:  64bit Audio Processing not supported.
  [Succeeded]
  
  [Parameter Bypass persistence]
  Info:  64bit Audio Processing not supported.
  [Succeeded]
  
  [In: Stereo: 2 Channels, Out: Stereo: 2 Channels]
  Info:  ===In: Stereo: 2 Channels, Out: Stereo: 2 Channels ====================================
  Info:  64bit Audio Processing not supported.
  [Succeeded]
  
  [In: Mono: 1 Channels, Out: Mono: 1 Channels]
  Info:  ===In: Mono: 1 Channels, Out: Mono: 1 Channels ====================================
  Info:  64bit Audio Processing not supported.
  [Succeeded]
  
  [Accuracy: Block, 1 Parameters, Change every100 Samples]
  Info:  ===Accuracy: Block, 1 Parameters, Change every100 Samples ====================================
  Info:  64bit Audio Processing not supported.
  [Succeeded]
  
  [Accuracy: Sample, 1 Parameters, Change every100 Samples]
  Info:  ===Accuracy: Sample, 1 Parameters, Change every100 Samples ====================================
  Info:  64bit Audio Processing not supported.
  [Succeeded]
  
  -------------------------------------------------------------
  Result: 47 tests passed, 0 tests failed
  -------------------------------------------------------------
  [SMTG] Validator finished.
